# This is the CMakeCache file.
# For build in directory: /Users/nikolai/imerologio/scripts/darwinex_to_ohlc/build
# It was generated by CMake: /opt/homebrew/bin/cmake
# You can edit this file to change values found and used by cmake.
# If you do not want to change any of the values, simply exit the editor.
# If you do want to change a value, simply edit, save, and exit the editor.
# The syntax for the file is as follows:
# KEY:TYPE=VALUE
# KEY is the name of a variable in the cache.
# TYPE is a hint to GUIs for the type of VALUE, DO NOT EDIT TYPE!.
# VALUE is the current value for the KEY.

########################
# EXTERNAL cache entries
########################

//Debug setting: use alternative verify mode
ALTERNATIVE_VERIFY:BOOL=OFF

//Build from the amalgamation files, rather than from the normal
// sources.
AMALGAMATION_BUILD:BOOL=OFF

//Set a custom BLOCK_ALLOC_SIZE at compile time
BLOCK_ALLOC_SIZE:STRING=

//Enable building of the benchmark suite.
BUILD_BENCHMARKS:BOOL=OFF

//Build the core functions.
BUILD_CORE_FUNCTIONS_EXTENSION:BOOL=ON

//Build all extension as linkable, overriding DONT_LINK, and don't
// build core.
BUILD_EXTENSIONS_ONLY:BOOL=OFF

//Build the main duckdb library and executable.
BUILD_MAIN_DUCKDB_LIBRARY:BOOL=ON

//Build the DuckDB Python extension
BUILD_PYTHON:BOOL=OFF

//Enable the rdtsc instruction.
BUILD_RDTSC:BOOL=OFF

//Build the DuckDB Shell and SQLite API Wrappers
BUILD_SHELL:BOOL=ON

//Build the testing tree.
BUILD_TESTING:BOOL=ON

//Enable building of the TPC-E tool.
BUILD_TPCE:BOOL=OFF

//Build the C++ Unit Tests.
BUILD_UNITTESTS:BOOL=ON

//Path to a program.
CCACHE_PROGRAM:FILEPATH=CCACHE_PROGRAM-NOTFOUND

//Enable build for clang-tidy, this disables all source files excluding
// the core database. This does not produce a working build.
CLANG_TIDY:BOOL=OFF

//Path to a program.
CMAKE_ADDR2LINE:FILEPATH=CMAKE_ADDR2LINE-NOTFOUND

//Path to a program.
CMAKE_AR:FILEPATH=/Library/Developer/CommandLineTools/usr/bin/ar

//Choose Release or Debug
CMAKE_BUILD_TYPE:STRING=Release

//Enable/Disable color output during build.
CMAKE_COLOR_MAKEFILE:BOOL=ON

//CXX compiler
CMAKE_CXX_COMPILER:FILEPATH=/Library/Developer/CommandLineTools/usr/bin/c++

//Flags used by the CXX compiler during all build types.
CMAKE_CXX_FLAGS:STRING=

//Flags used by the CXX compiler during DEBUG builds.
CMAKE_CXX_FLAGS_DEBUG:STRING=-g

//Flags used by the CXX compiler during MINSIZEREL builds.
CMAKE_CXX_FLAGS_MINSIZEREL:STRING=-Os -DNDEBUG

//Flags used by the CXX compiler during RELEASE builds.
CMAKE_CXX_FLAGS_RELEASE:STRING=-O3 -DNDEBUG

//Flags used by the CXX compiler during RELWITHDEBINFO builds.
CMAKE_CXX_FLAGS_RELWITHDEBINFO:STRING=-O2 -g -DNDEBUG

//C++ standard to enforce
CMAKE_CXX_STANDARD:STRING=11

//C compiler
CMAKE_C_COMPILER:FILEPATH=/Library/Developer/CommandLineTools/usr/bin/cc

//Flags used by the C compiler during all build types.
CMAKE_C_FLAGS:STRING=

//Flags used by the C compiler during DEBUG builds.
CMAKE_C_FLAGS_DEBUG:STRING=-g

//Flags used by the C compiler during MINSIZEREL builds.
CMAKE_C_FLAGS_MINSIZEREL:STRING=-Os -DNDEBUG

//Flags used by the C compiler during RELEASE builds.
CMAKE_C_FLAGS_RELEASE:STRING=-O3 -DNDEBUG

//Flags used by the C compiler during RELWITHDEBINFO builds.
CMAKE_C_FLAGS_RELWITHDEBINFO:STRING=-O2 -g -DNDEBUG

//Path to a program.
CMAKE_DLLTOOL:FILEPATH=CMAKE_DLLTOOL-NOTFOUND

//Flags used by the linker during all build types.
CMAKE_EXE_LINKER_FLAGS:STRING=

//Flags used by the linker during DEBUG builds.
CMAKE_EXE_LINKER_FLAGS_DEBUG:STRING=

//Flags used by the linker during MINSIZEREL builds.
CMAKE_EXE_LINKER_FLAGS_MINSIZEREL:STRING=

//Flags used by the linker during RELEASE builds.
CMAKE_EXE_LINKER_FLAGS_RELEASE:STRING=

//Flags used by the linker during RELWITHDEBINFO builds.
CMAKE_EXE_LINKER_FLAGS_RELWITHDEBINFO:STRING=

//Enable/Disable output of compile commands during generation.
CMAKE_EXPORT_COMPILE_COMMANDS:BOOL=

//Value Computed by CMake.
CMAKE_FIND_PACKAGE_REDIRECTS_DIR:STATIC=/Users/nikolai/imerologio/scripts/darwinex_to_ohlc/build/CMakeFiles/pkgRedirects

//User executables (bin)
CMAKE_INSTALL_BINDIR:PATH=bin

//Read-only architecture-independent data (DATAROOTDIR)
CMAKE_INSTALL_DATADIR:PATH=

//Read-only architecture-independent data root (share)
CMAKE_INSTALL_DATAROOTDIR:PATH=share

//Documentation root (DATAROOTDIR/doc/PROJECT_NAME)
CMAKE_INSTALL_DOCDIR:PATH=

//C header files (include)
CMAKE_INSTALL_INCLUDEDIR:PATH=include

//Info documentation (DATAROOTDIR/info)
CMAKE_INSTALL_INFODIR:PATH=

//Object code libraries (lib)
CMAKE_INSTALL_LIBDIR:PATH=lib

//Program executables (libexec)
CMAKE_INSTALL_LIBEXECDIR:PATH=libexec

//Locale-dependent data (DATAROOTDIR/locale)
CMAKE_INSTALL_LOCALEDIR:PATH=

//Modifiable single-machine data (var)
CMAKE_INSTALL_LOCALSTATEDIR:PATH=var

//Man documentation (DATAROOTDIR/man)
CMAKE_INSTALL_MANDIR:PATH=

//Path to a program.
CMAKE_INSTALL_NAME_TOOL:FILEPATH=/usr/bin/install_name_tool

//C header files for non-gcc (/usr/include)
CMAKE_INSTALL_OLDINCLUDEDIR:PATH=/usr/include

//Install path prefix, prepended onto install directories.
CMAKE_INSTALL_PREFIX:PATH=/usr/local

//Run-time variable data (LOCALSTATEDIR/run)
CMAKE_INSTALL_RUNSTATEDIR:PATH=

//System admin executables (sbin)
CMAKE_INSTALL_SBINDIR:PATH=sbin

//Modifiable architecture-independent data (com)
CMAKE_INSTALL_SHAREDSTATEDIR:PATH=com

//Read-only single-machine data (etc)
CMAKE_INSTALL_SYSCONFDIR:PATH=etc

//Path to a program.
CMAKE_LINKER:FILEPATH=/Library/Developer/CommandLineTools/usr/bin/ld

//Path to a program.
CMAKE_MAKE_PROGRAM:FILEPATH=/usr/bin/make

//Flags used by the linker during the creation of modules during
// all build types.
CMAKE_MODULE_LINKER_FLAGS:STRING=

//Flags used by the linker during the creation of modules during
// DEBUG builds.
CMAKE_MODULE_LINKER_FLAGS_DEBUG:STRING=

//Flags used by the linker during the creation of modules during
// MINSIZEREL builds.
CMAKE_MODULE_LINKER_FLAGS_MINSIZEREL:STRING=

//Flags used by the linker during the creation of modules during
// RELEASE builds.
CMAKE_MODULE_LINKER_FLAGS_RELEASE:STRING=

//Flags used by the linker during the creation of modules during
// RELWITHDEBINFO builds.
CMAKE_MODULE_LINKER_FLAGS_RELWITHDEBINFO:STRING=

//Path to a program.
CMAKE_NM:FILEPATH=/Library/Developer/CommandLineTools/usr/bin/nm

//Path to a program.
CMAKE_OBJCOPY:FILEPATH=CMAKE_OBJCOPY-NOTFOUND

//Path to a program.
CMAKE_OBJDUMP:FILEPATH=/Library/Developer/CommandLineTools/usr/bin/objdump

//Build architectures for OSX
CMAKE_OSX_ARCHITECTURES:STRING=

//Minimum OS X version to target for deployment (at runtime); newer
// APIs weak linked. Set to empty string for default value.
CMAKE_OSX_DEPLOYMENT_TARGET:STRING=

//The product will be built against the headers and libraries located
// inside the indicated SDK.
CMAKE_OSX_SYSROOT:PATH=/Library/Developer/CommandLineTools/SDKs/MacOSX14.0.sdk

//Value Computed by CMake
CMAKE_PROJECT_DESCRIPTION:STATIC=

//Value Computed by CMake
CMAKE_PROJECT_HOMEPAGE_URL:STATIC=

//Value Computed by CMake
CMAKE_PROJECT_NAME:STATIC=candles

//Value Computed by CMake
CMAKE_PROJECT_VERSION:STATIC=1.14.1

//Value Computed by CMake
CMAKE_PROJECT_VERSION_MAJOR:STATIC=1

//Value Computed by CMake
CMAKE_PROJECT_VERSION_MINOR:STATIC=14

//Value Computed by CMake
CMAKE_PROJECT_VERSION_PATCH:STATIC=1

//Value Computed by CMake
CMAKE_PROJECT_VERSION_TWEAK:STATIC=

//Path to a program.
CMAKE_RANLIB:FILEPATH=/Library/Developer/CommandLineTools/usr/bin/ranlib

//Path to a program.
CMAKE_READELF:FILEPATH=CMAKE_READELF-NOTFOUND

//Flags used by the linker during the creation of shared libraries
// during all build types.
CMAKE_SHARED_LINKER_FLAGS:STRING=

//Flags used by the linker during the creation of shared libraries
// during DEBUG builds.
CMAKE_SHARED_LINKER_FLAGS_DEBUG:STRING=

//Flags used by the linker during the creation of shared libraries
// during MINSIZEREL builds.
CMAKE_SHARED_LINKER_FLAGS_MINSIZEREL:STRING=

//Flags used by the linker during the creation of shared libraries
// during RELEASE builds.
CMAKE_SHARED_LINKER_FLAGS_RELEASE:STRING=

//Flags used by the linker during the creation of shared libraries
// during RELWITHDEBINFO builds.
CMAKE_SHARED_LINKER_FLAGS_RELWITHDEBINFO:STRING=

//If set, runtime paths are not added when installing shared libraries,
// but are added when building.
CMAKE_SKIP_INSTALL_RPATH:BOOL=NO

//If set, runtime paths are not added when using shared libraries.
CMAKE_SKIP_RPATH:BOOL=NO

//Flags used by the linker during the creation of static libraries
// during all build types.
CMAKE_STATIC_LINKER_FLAGS:STRING=

//Flags used by the linker during the creation of static libraries
// during DEBUG builds.
CMAKE_STATIC_LINKER_FLAGS_DEBUG:STRING=

//Flags used by the linker during the creation of static libraries
// during MINSIZEREL builds.
CMAKE_STATIC_LINKER_FLAGS_MINSIZEREL:STRING=

//Flags used by the linker during the creation of static libraries
// during RELEASE builds.
CMAKE_STATIC_LINKER_FLAGS_RELEASE:STRING=

//Flags used by the linker during the creation of static libraries
// during RELWITHDEBINFO builds.
CMAKE_STATIC_LINKER_FLAGS_RELWITHDEBINFO:STRING=

//Path to a program.
CMAKE_STRIP:FILEPATH=/Library/Developer/CommandLineTools/usr/bin/strip

//Path to a program.
CMAKE_TAPI:FILEPATH=/Library/Developer/CommandLineTools/usr/bin/tapi

//If this value is on, makefiles will be generated without the
// .SILENT directive, and all commands will be echoed to the console
// during the make.  This is useful for debugging only. With Visual
// Studio IDE projects all commands are done without /nologo.
CMAKE_VERBOSE_MAKEFILE:BOOL=FALSE

//Path to the coverage program that CTest uses for performing coverage
// inspection
COVERAGE_COMMAND:FILEPATH=/usr/bin/gcov

//Extra command line flags to pass to the coverage tool
COVERAGE_EXTRA_FLAGS:STRING=-l

//Trigger a sigabort on an assert failing, instead of throwing
// an exception
CRASH_ON_ASSERT:BOOL=OFF

//How many times to retry timed-out CTest submissions.
CTEST_SUBMIT_RETRY_COUNT:STRING=3

//How long to wait between timed-out CTest submissions.
CTEST_SUBMIT_RETRY_DELAY:STRING=5

//The directory containing a CMake configuration file for CURL.
CURL_DIR:PATH=CURL_DIR-NOTFOUND

//Path to a file.
CURL_INCLUDE_DIR:PATH=/Library/Developer/CommandLineTools/SDKs/MacOSX14.0.sdk/usr/include

//Path to a library.
CURL_LIBRARY_DEBUG:FILEPATH=CURL_LIBRARY_DEBUG-NOTFOUND

//Path to a library.
CURL_LIBRARY_RELEASE:FILEPATH=/Library/Developer/CommandLineTools/SDKs/MacOSX14.0.sdk/usr/lib/libcurl.tbd

//Use a custom linker program
CUSTOM_LINKER:BOOL=OFF

//Maximum time allowed before CTest will kill the test.
DART_TESTING_TIMEOUT:STRING=1500

//Debug setting: keep track of outstanding allocations to detect
// memory leaks
DEBUG_ALLOCATION:BOOL=OFF

//Debug setting: Ensure std::move is being used
DEBUG_MOVE:BOOL=OFF

//Debug setting: print a stracktrace on asserts and when testing
// crashes
DEBUG_STACKTRACE:BOOL=OFF

//Debug setting: destroy unpinned buffer-managed blocks
DESTROY_UNPINNED_BLOCKS:BOOL=OFF

//Debug setting: disable assertions
DISABLE_ASSERTIONS:BOOL=OFF

//Disable linking extensions.
DISABLE_BUILTIN_EXTENSIONS:BOOL=OFF

//Disable support for loading and installing extensions
DISABLE_EXTENSION_LOAD:BOOL=OFF

//Debug setting: disable memory access checks at runtime
DISABLE_MEMORY_SAFETY:BOOL=OFF

//Debug setting: disable inlining of strings
DISABLE_STR_INLINE:BOOL=OFF

//Disable support for multi-threading
DISABLE_THREADS:BOOL=OFF

//Disable unity builds.
DISABLE_UNITY:BOOL=OFF

//Disable vptr sanitizer; work-around for sanitizer false positive
// on Macbook M1
DISABLE_VPTR_SANITIZER:BOOL=OFF

//Value Computed by CMake
DuckDB_BINARY_DIR:STATIC=/Users/nikolai/imerologio/scripts/darwinex_to_ohlc/build/_deps/duckdb-build

//Value Computed by CMake
DuckDB_IS_TOP_LEVEL:STATIC=OFF

//Value Computed by CMake
DuckDB_SOURCE_DIR:STATIC=/Users/nikolai/imerologio/scripts/darwinex_to_ohlc/build/_deps/duckdb-src

//Enable extension auto-installing by default.
ENABLE_EXTENSION_AUTOINSTALL:BOOL=OFF

//Enable extension auto-loading by default.
ENABLE_EXTENSION_AUTOLOADING:BOOL=OFF

//Enable address sanitizer.
ENABLE_SANITIZER:BOOL=ON

//Enable thread sanitizer.
ENABLE_THREAD_SANITIZER:BOOL=OFF

//Enable undefined behavior sanitizer.
ENABLE_UBSAN:BOOL=ON

//Explicitly enable C++ exceptions.
EXPLICIT_EXCEPTIONS:BOOL=OFF

//Export dll symbols on Windows, else import
EXPORT_DLL_SYMBOLS:BOOL=ON

//Produce extension configuration artifacts instead of building.
// (such as shared vcpkg.json, extensions.txt)
EXTENSION_CONFIG_BUILD:BOOL=OFF

//Extension build linking statically with DuckDB. Required for
// building linux loadable extensions.
EXTENSION_STATIC_BUILD:BOOL=OFF

//Only load the tests for extensions, don't actually build them;
// useful for testing loadable extensions
EXTENSION_TESTS_ONLY:BOOL=OFF

//Directory under which to collect all populated content
FETCHCONTENT_BASE_DIR:PATH=/Users/nikolai/imerologio/scripts/darwinex_to_ohlc/build/_deps

//Disables all attempts to download or update content and assumes
// source dirs already exist
FETCHCONTENT_FULLY_DISCONNECTED:BOOL=OFF

//Enables QUIET option for all content population
FETCHCONTENT_QUIET:BOOL=ON

//When not empty, overrides where to find pre-populated content
// for duckdb
FETCHCONTENT_SOURCE_DIR_DUCKDB:PATH=

//When not empty, overrides where to find pre-populated content
// for spdlog
FETCHCONTENT_SOURCE_DIR_SPDLOG:PATH=

//Enables UPDATE_DISCONNECTED behavior for all content population
FETCHCONTENT_UPDATES_DISCONNECTED:BOOL=OFF

//Enables UPDATE_DISCONNECTED behavior just for population of duckdb
FETCHCONTENT_UPDATES_DISCONNECTED_DUCKDB:BOOL=OFF

//Enables UPDATE_DISCONNECTED behavior just for population of spdlog
FETCHCONTENT_UPDATES_DISCONNECTED_SPDLOG:BOOL=OFF

//Enable checking of assertions, even in release mode
FORCE_ASSERT:BOOL=OFF

//Debug setting: forces sinks/sources to block the first 2 times
// they're called
FORCE_ASYNC_SINK_SOURCE:BOOL=OFF

//Always produce ANSI-colored output (GNU/Clang only).
FORCE_COLORED_OUTPUT:BOOL=OFF

//If enabled, all queries will be logged to the specified path
FORCE_QUERY_LOG:BOOL=OFF

//Forces building with sanitizers even if the Python and R modules
// are enabled.
FORCE_SANITIZER:BOOL=OFF

//Unused code objects lead to compiler warnings.
FORCE_WARN_UNUSED:BOOL=OFF

//Git command line client
GIT_EXECUTABLE:FILEPATH=/usr/bin/git

//Installation directory for executables
INSTALL_BIN_DIR:PATH=bin

//Installation directory for CMake files
INSTALL_CMAKE_DIR:PATH=lib/cmake/DuckDB

//Installation directory for header files
INSTALL_INCLUDE_DIR:PATH=include

//Installation directory for libraries
INSTALL_LIB_DIR:PATH=lib

//Command to build the project
MAKECOMMAND:STRING=/opt/homebrew/bin/cmake --build . --config "${CTEST_CONFIGURATION_TYPE}"

//Path to the memory checking command, used for memory error detection.
MEMORYCHECK_COMMAND:FILEPATH=MEMORYCHECK_COMMAND-NOTFOUND

//File that contains suppressions for the memory checker
MEMORYCHECK_SUPPRESSIONS_FILE:FILEPATH=

//Build both architectures on OSX and create a single binary containing
// both.
OSX_BUILD_UNIVERSAL:BOOL=OFF

//Arguments to supply to pkg-config
PKG_CONFIG_ARGN:STRING=

//pkg-config executable
PKG_CONFIG_EXECUTABLE:FILEPATH=/opt/homebrew/bin/pkg-config

//Value Computed by CMake
ParquetExtension_BINARY_DIR:STATIC=/Users/nikolai/imerologio/scripts/darwinex_to_ohlc/build/_deps/duckdb-build/extension/parquet

//Value Computed by CMake
ParquetExtension_IS_TOP_LEVEL:STATIC=OFF

//Value Computed by CMake
ParquetExtension_SOURCE_DIR:STATIC=/Users/nikolai/imerologio/scripts/darwinex_to_ohlc/build/_deps/duckdb-src/extension/parquet

//Value Computed by CMake
RE2_BINARY_DIR:STATIC=/Users/nikolai/imerologio/scripts/darwinex_to_ohlc/build/_deps/duckdb-build/third_party/re2

//enable testing for RE2
RE2_BUILD_TESTING:BOOL=OFF

//Value Computed by CMake
RE2_IS_TOP_LEVEL:STATIC=OFF

//Value Computed by CMake
RE2_SOURCE_DIR:STATIC=/Users/nikolai/imerologio/scripts/darwinex_to_ohlc/build/_deps/duckdb-src/third_party/re2

//Debug setting: enable a more extensive set of verifiers
RUN_SLOW_VERIFIERS:BOOL=OFF

//Name of the computer/site where compile is being run
SITE:STRING=nikolais-MacBook-Air.local

//Build all artifacts
SPDLOG_BUILD_ALL:BOOL=OFF

//Build benchmarks (Requires https://github.com/google/benchmark.git
// to be installed)
SPDLOG_BUILD_BENCH:BOOL=OFF

//Build example
SPDLOG_BUILD_EXAMPLE:BOOL=OFF

//Build header only example
SPDLOG_BUILD_EXAMPLE_HO:BOOL=OFF

//Build position independent code (-fPIC)
SPDLOG_BUILD_PIC:BOOL=OFF

//Build shared library
SPDLOG_BUILD_SHARED:BOOL=OFF

//Build tests
SPDLOG_BUILD_TESTS:BOOL=OFF

//Build tests using the header only version
SPDLOG_BUILD_TESTS_HO:BOOL=OFF

//Enable compiler warnings
SPDLOG_BUILD_WARNINGS:BOOL=OFF

//non supported option
SPDLOG_CLOCK_COARSE:BOOL=OFF

//Disable default logger creation
SPDLOG_DISABLE_DEFAULT_LOGGER:BOOL=OFF

//Build static or shared library using precompiled header to speed
// up compilation time
SPDLOG_ENABLE_PCH:BOOL=OFF

//Use external fmt library instead of bundled
SPDLOG_FMT_EXTERNAL:BOOL=OFF

//Use external fmt header-only library instead of bundled
SPDLOG_FMT_EXTERNAL_HO:BOOL=OFF

//Generate the install target
SPDLOG_INSTALL:BOOL=OFF

//prevent spdlog from using of std::atomic log levels (use only
// if your code never modifies log levels concurrently
SPDLOG_NO_ATOMIC_LEVELS:BOOL=OFF

//Compile with -fno-exceptions. Call abort() on any spdlog exceptions
SPDLOG_NO_EXCEPTIONS:BOOL=OFF

//prevent spdlog from querying the thread id on each log call if
// thread id is not needed
SPDLOG_NO_THREAD_ID:BOOL=OFF

//prevent spdlog from using thread local storage
SPDLOG_NO_TLS:BOOL=OFF

//Prevent from child processes to inherit log file descriptors
SPDLOG_PREVENT_CHILD_FD:BOOL=OFF

//Enable address sanitizer in tests
SPDLOG_SANITIZE_ADDRESS:BOOL=OFF

//Include as system headers (skip for clang-tidy).
SPDLOG_SYSTEM_INCLUDES:BOOL=OFF

//run clang-tidy
SPDLOG_TIDY:BOOL=OFF

//Use std::format instead of fmt library.
SPDLOG_USE_STD_FORMAT:BOOL=OFF

//non supported option
SPDLOG_WCHAR_FILENAMES:BOOL=OFF

//non supported option
SPDLOG_WCHAR_SUPPORT:BOOL=OFF

//Set a custom STANDARD_VECTOR_SIZE at compile time
STANDARD_VECTOR_SIZE:STRING=

//Statically link CLI to libc++
STATIC_LIBCPP:BOOL=OFF

//Test installation of specific extensions.
TEST_REMOTE_INSTALL:BOOL=OFF

//Treat warnings as errors
TREAT_WARNINGS_AS_ERRORS:BOOL=OFF

//Build the DuckDB Python in the user space
USER_SPACE:BOOL=OFF

//Enable DuckDB (Parquet output + SQL querying)
USE_DUCKDB:BOOL=ON

//Should threads be used
USE_WASM_THREADS:BOOL=OFF

//Debug setting: verify vectors (options: dictionary_expression,
// dictionary_operator, constant_operator, sequence_operator, nested_shuffle)
VERIFY_VECTOR:BOOL=OFF

//WebAssembly build with loadable extensions.
WASM_LOADABLE_EXTENSIONS:BOOL=OFF

//Path to a file.
ZLIB_INCLUDE_DIR:PATH=/Library/Developer/CommandLineTools/SDKs/MacOSX14.0.sdk/usr/include

//Path to a library.
ZLIB_LIBRARY_DEBUG:FILEPATH=ZLIB_LIBRARY_DEBUG-NOTFOUND

//Path to a library.
ZLIB_LIBRARY_RELEASE:FILEPATH=/Library/Developer/CommandLineTools/SDKs/MacOSX14.0.sdk/usr/lib/libz.tbd

//Value Computed by CMake
candles_BINARY_DIR:STATIC=/Users/nikolai/imerologio/scripts/darwinex_to_ohlc/build

//Value Computed by CMake
candles_IS_TOP_LEVEL:STATIC=ON

//Value Computed by CMake
candles_SOURCE_DIR:STATIC=/Users/nikolai/imerologio/scripts/darwinex_to_ohlc

//Value Computed by CMake
duckdb_pg_query_BINARY_DIR:STATIC=/Users/nikolai/imerologio/scripts/darwinex_to_ohlc/build/_deps/duckdb-build/third_party/libpg_query

//Value Computed by CMake
duckdb_pg_query_IS_TOP_LEVEL:STATIC=OFF

//Value Computed by CMake
duckdb_pg_query_SOURCE_DIR:STATIC=/Users/nikolai/imerologio/scripts/darwinex_to_ohlc/build/_deps/duckdb-src/third_party/libpg_query

//Value Computed by CMake
imdb_BINARY_DIR:STATIC=/Users/nikolai/imerologio/scripts/darwinex_to_ohlc/build/_deps/duckdb-build/third_party/imdb

//Value Computed by CMake
imdb_IS_TOP_LEVEL:STATIC=OFF

//Value Computed by CMake
imdb_SOURCE_DIR:STATIC=/Users/nikolai/imerologio/scripts/darwinex_to_ohlc/build/_deps/duckdb-src/third_party/imdb

//Path to a library.
pkgcfg_lib_PC_CURL_curl:FILEPATH=/Library/Developer/CommandLineTools/SDKs/MacOSX14.0.sdk/usr/lib/libcurl.tbd

//Value Computed by CMake
spdlog_BINARY_DIR:STATIC=/Users/nikolai/imerologio/scripts/darwinex_to_ohlc/build/_deps/spdlog-build

//Value Computed by CMake
spdlog_IS_TOP_LEVEL:STATIC=OFF

//Value Computed by CMake
spdlog_SOURCE_DIR:STATIC=/Users/nikolai/imerologio/scripts/darwinex_to_ohlc/build/_deps/spdlog-src


########################
# INTERNAL cache entries
########################

//ADVANCED property for variable: CMAKE_ADDR2LINE
CMAKE_ADDR2LINE-ADVANCED:INTERNAL=1
//ADVANCED property for variable: CMAKE_AR
CMAKE_AR-ADVANCED:INTERNAL=1
//This is the directory where this CMakeCache.txt was created
CMAKE_CACHEFILE_DIR:INTERNAL=/Users/nikolai/imerologio/scripts/darwinex_to_ohlc/build
//Major version of cmake used to create the current loaded cache
CMAKE_CACHE_MAJOR_VERSION:INTERNAL=3
//Minor version of cmake used to create the current loaded cache
CMAKE_CACHE_MINOR_VERSION:INTERNAL=31
//Patch version of cmake used to create the current loaded cache
CMAKE_CACHE_PATCH_VERSION:INTERNAL=5
//ADVANCED property for variable: CMAKE_COLOR_MAKEFILE
CMAKE_COLOR_MAKEFILE-ADVANCED:INTERNAL=1
//Path to CMake executable.
CMAKE_COMMAND:INTERNAL=/opt/homebrew/bin/cmake
//Path to cpack program executable.
CMAKE_CPACK_COMMAND:INTERNAL=/opt/homebrew/bin/cpack
//ADVANCED property for variable: CMAKE_CTEST_COMMAND
CMAKE_CTEST_COMMAND-ADVANCED:INTERNAL=1
//Path to ctest program executable.
CMAKE_CTEST_COMMAND:INTERNAL=/opt/homebrew/bin/ctest
//ADVANCED property for variable: CMAKE_CXX_COMPILER
CMAKE_CXX_COMPILER-ADVANCED:INTERNAL=1
//ADVANCED property for variable: CMAKE_CXX_FLAGS
CMAKE_CXX_FLAGS-ADVANCED:INTERNAL=1
//ADVANCED property for variable: CMAKE_CXX_FLAGS_DEBUG
CMAKE_CXX_FLAGS_DEBUG-ADVANCED:INTERNAL=1
//ADVANCED property for variable: CMAKE_CXX_FLAGS_MINSIZEREL
CMAKE_CXX_FLAGS_MINSIZEREL-ADVANCED:INTERNAL=1
//ADVANCED property for variable: CMAKE_CXX_FLAGS_RELEASE
CMAKE_CXX_FLAGS_RELEASE-ADVANCED:INTERNAL=1
//ADVANCED property for variable: CMAKE_CXX_FLAGS_RELWITHDEBINFO
CMAKE_CXX_FLAGS_RELWITHDEBINFO-ADVANCED:INTERNAL=1
//ADVANCED property for variable: CMAKE_C_COMPILER
CMAKE_C_COMPILER-ADVANCED:INTERNAL=1
//ADVANCED property for variable: CMAKE_C_FLAGS
CMAKE_C_FLAGS-ADVANCED:INTERNAL=1
//ADVANCED property for variable: CMAKE_C_FLAGS_DEBUG
CMAKE_C_FLAGS_DEBUG-ADVANCED:INTERNAL=1
//ADVANCED property for variable: CMAKE_C_FLAGS_MINSIZEREL
CMAKE_C_FLAGS_MINSIZEREL-ADVANCED:INTERNAL=1
//ADVANCED property for variable: CMAKE_C_FLAGS_RELEASE
CMAKE_C_FLAGS_RELEASE-ADVANCED:INTERNAL=1
//ADVANCED property for variable: CMAKE_C_FLAGS_RELWITHDEBINFO
CMAKE_C_FLAGS_RELWITHDEBINFO-ADVANCED:INTERNAL=1
//ADVANCED property for variable: CMAKE_DLLTOOL
CMAKE_DLLTOOL-ADVANCED:INTERNAL=1
//Path to cache edit program executable.
CMAKE_EDIT_COMMAND:INTERNAL=/opt/homebrew/bin/ccmake
//Executable file format
CMAKE_EXECUTABLE_FORMAT:INTERNAL=MACHO
//ADVANCED property for variable: CMAKE_EXE_LINKER_FLAGS
CMAKE_EXE_LINKER_FLAGS-ADVANCED:INTERNAL=1
//ADVANCED property for variable: CMAKE_EXE_LINKER_FLAGS_DEBUG
CMAKE_EXE_LINKER_FLAGS_DEBUG-ADVANCED:INTERNAL=1
//ADVANCED property for variable: CMAKE_EXE_LINKER_FLAGS_MINSIZEREL
CMAKE_EXE_LINKER_FLAGS_MINSIZEREL-ADVANCED:INTERNAL=1
//ADVANCED property for variable: CMAKE_EXE_LINKER_FLAGS_RELEASE
CMAKE_EXE_LINKER_FLAGS_RELEASE-ADVANCED:INTERNAL=1
//ADVANCED property for variable: CMAKE_EXE_LINKER_FLAGS_RELWITHDEBINFO
CMAKE_EXE_LINKER_FLAGS_RELWITHDEBINFO-ADVANCED:INTERNAL=1
//ADVANCED property for variable: CMAKE_EXPORT_COMPILE_COMMANDS
CMAKE_EXPORT_COMPILE_COMMANDS-ADVANCED:INTERNAL=1
//Name of external makefile project generator.
CMAKE_EXTRA_GENERATOR:INTERNAL=
//Name of generator.
CMAKE_GENERATOR:INTERNAL=Unix Makefiles
//Generator instance identifier.
CMAKE_GENERATOR_INSTANCE:INTERNAL=
//Name of generator platform.
CMAKE_GENERATOR_PLATFORM:INTERNAL=
//Name of generator toolset.
CMAKE_GENERATOR_TOOLSET:INTERNAL=
//Test CMAKE_HAVE_LIBC_PTHREAD
CMAKE_HAVE_LIBC_PTHREAD:INTERNAL=1
//Source directory with the top level CMakeLists.txt file for this
// project
CMAKE_HOME_DIRECTORY:INTERNAL=/Users/nikolai/imerologio/scripts/darwinex_to_ohlc
//ADVANCED property for variable: CMAKE_INSTALL_BINDIR
CMAKE_INSTALL_BINDIR-ADVANCED:INTERNAL=1
//ADVANCED property for variable: CMAKE_INSTALL_DATADIR
CMAKE_INSTALL_DATADIR-ADVANCED:INTERNAL=1
//ADVANCED property for variable: CMAKE_INSTALL_DATAROOTDIR
CMAKE_INSTALL_DATAROOTDIR-ADVANCED:INTERNAL=1
//ADVANCED property for variable: CMAKE_INSTALL_DOCDIR
CMAKE_INSTALL_DOCDIR-ADVANCED:INTERNAL=1
//ADVANCED property for variable: CMAKE_INSTALL_INCLUDEDIR
CMAKE_INSTALL_INCLUDEDIR-ADVANCED:INTERNAL=1
//ADVANCED property for variable: CMAKE_INSTALL_INFODIR
CMAKE_INSTALL_INFODIR-ADVANCED:INTERNAL=1
//ADVANCED property for variable: CMAKE_INSTALL_LIBDIR
CMAKE_INSTALL_LIBDIR-ADVANCED:INTERNAL=1
//ADVANCED property for variable: CMAKE_INSTALL_LIBEXECDIR
CMAKE_INSTALL_LIBEXECDIR-ADVANCED:INTERNAL=1
//ADVANCED property for variable: CMAKE_INSTALL_LOCALEDIR
CMAKE_INSTALL_LOCALEDIR-ADVANCED:INTERNAL=1
//ADVANCED property for variable: CMAKE_INSTALL_LOCALSTATEDIR
CMAKE_INSTALL_LOCALSTATEDIR-ADVANCED:INTERNAL=1
//ADVANCED property for variable: CMAKE_INSTALL_MANDIR
CMAKE_INSTALL_MANDIR-ADVANCED:INTERNAL=1
//ADVANCED property for variable: CMAKE_INSTALL_NAME_TOOL
CMAKE_INSTALL_NAME_TOOL-ADVANCED:INTERNAL=1
//ADVANCED property for variable: CMAKE_INSTALL_OLDINCLUDEDIR
CMAKE_INSTALL_OLDINCLUDEDIR-ADVANCED:INTERNAL=1
//ADVANCED property for variable: CMAKE_INSTALL_RUNSTATEDIR
CMAKE_INSTALL_RUNSTATEDIR-ADVANCED:INTERNAL=1
//ADVANCED property for variable: CMAKE_INSTALL_SBINDIR
CMAKE_INSTALL_SBINDIR-ADVANCED:INTERNAL=1
//ADVANCED property for variable: CMAKE_INSTALL_SHAREDSTATEDIR
CMAKE_INSTALL_SHAREDSTATEDIR-ADVANCED:INTERNAL=1
//ADVANCED property for variable: CMAKE_INSTALL_SYSCONFDIR
CMAKE_INSTALL_SYSCONFDIR-ADVANCED:INTERNAL=1
//ADVANCED property for variable: CMAKE_LINKER
CMAKE_LINKER-ADVANCED:INTERNAL=1
//ADVANCED property for variable: CMAKE_MAKE_PROGRAM
CMAKE_MAKE_PROGRAM-ADVANCED:INTERNAL=1
//ADVANCED property for variable: CMAKE_MODULE_LINKER_FLAGS
CMAKE_MODULE_LINKER_FLAGS-ADVANCED:INTERNAL=1
//ADVANCED property for variable: CMAKE_MODULE_LINKER_FLAGS_DEBUG
CMAKE_MODULE_LINKER_FLAGS_DEBUG-ADVANCED:INTERNAL=1
//ADVANCED property for variable: CMAKE_MODULE_LINKER_FLAGS_MINSIZEREL
CMAKE_MODULE_LINKER_FLAGS_MINSIZEREL-ADVANCED:INTERNAL=1
//ADVANCED property for variable: CMAKE_MODULE_LINKER_FLAGS_RELEASE
CMAKE_MODULE_LINKER_FLAGS_RELEASE-ADVANCED:INTERNAL=1
//ADVANCED property for variable: CMAKE_MODULE_LINKER_FLAGS_RELWITHDEBINFO
CMAKE_MODULE_LINKER_FLAGS_RELWITHDEBINFO-ADVANCED:INTERNAL=1
//ADVANCED property for variable: CMAKE_NM
CMAKE_NM-ADVANCED:INTERNAL=1
//number of local generators
CMAKE_NUMBER_OF_MAKEFILES:INTERNAL=199
//ADVANCED property for variable: CMAKE_OBJCOPY
CMAKE_OBJCOPY-ADVANCED:INTERNAL=1
//ADVANCED property for variable: CMAKE_OBJDUMP
CMAKE_OBJDUMP-ADVANCED:INTERNAL=1
//Platform information initialized
CMAKE_PLATFORM_INFO_INITIALIZED:INTERNAL=1
//ADVANCED property for variable: CMAKE_RANLIB
CMAKE_RANLIB-ADVANCED:INTERNAL=1
//ADVANCED property for variable: CMAKE_READELF
CMAKE_READELF-ADVANCED:INTERNAL=1
//Path to CMake installation.
CMAKE_ROOT:INTERNAL=/opt/homebrew/share/cmake
//ADVANCED property for variable: CMAKE_SHARED_LINKER_FLAGS
CMAKE_SHARED_LINKER_FLAGS-ADVANCED:INTERNAL=1
//ADVANCED property for variable: CMAKE_SHARED_LINKER_FLAGS_DEBUG
CMAKE_SHARED_LINKER_FLAGS_DEBUG-ADVANCED:INTERNAL=1
//ADVANCED property for variable: CMAKE_SHARED_LINKER_FLAGS_MINSIZEREL
CMAKE_SHARED_LINKER_FLAGS_MINSIZEREL-ADVANCED:INTERNAL=1
//ADVANCED property for variable: CMAKE_SHARED_LINKER_FLAGS_RELEASE
CMAKE_SHARED_LINKER_FLAGS_RELEASE-ADVANCED:INTERNAL=1
//ADVANCED property for variable: CMAKE_SHARED_LINKER_FLAGS_RELWITHDEBINFO
CMAKE_SHARED_LINKER_FLAGS_RELWITHDEBINFO-ADVANCED:INTERNAL=1
//ADVANCED property for variable: CMAKE_SKIP_INSTALL_RPATH
CMAKE_SKIP_INSTALL_RPATH-ADVANCED:INTERNAL=1
//ADVANCED property for variable: CMAKE_SKIP_RPATH
CMAKE_SKIP_RPATH-ADVANCED:INTERNAL=1
//ADVANCED property for variable: CMAKE_STATIC_LINKER_FLAGS
CMAKE_STATIC_LINKER_FLAGS-ADVANCED:INTERNAL=1
//ADVANCED property for variable: CMAKE_STATIC_LINKER_FLAGS_DEBUG
CMAKE_STATIC_LINKER_FLAGS_DEBUG-ADVANCED:INTERNAL=1
//ADVANCED property for variable: CMAKE_STATIC_LINKER_FLAGS_MINSIZEREL
CMAKE_STATIC_LINKER_FLAGS_MINSIZEREL-ADVANCED:INTERNAL=1
//ADVANCED property for variable: CMAKE_STATIC_LINKER_FLAGS_RELEASE
CMAKE_STATIC_LINKER_FLAGS_RELEASE-ADVANCED:INTERNAL=1
//ADVANCED property for variable: CMAKE_STATIC_LINKER_FLAGS_RELWITHDEBINFO
CMAKE_STATIC_LINKER_FLAGS_RELWITHDEBINFO-ADVANCED:INTERNAL=1
//ADVANCED property for variable: CMAKE_STRIP
CMAKE_STRIP-ADVANCED:INTERNAL=1
//ADVANCED property for variable: CMAKE_TAPI
CMAKE_TAPI-ADVANCED:INTERNAL=1
//uname command
CMAKE_UNAME:INTERNAL=/usr/bin/uname
//ADVANCED property for variable: CMAKE_VERBOSE_MAKEFILE
CMAKE_VERBOSE_MAKEFILE-ADVANCED:INTERNAL=1
//ADVANCED property for variable: COVERAGE_COMMAND
COVERAGE_COMMAND-ADVANCED:INTERNAL=1
//ADVANCED property for variable: COVERAGE_EXTRA_FLAGS
COVERAGE_EXTRA_FLAGS-ADVANCED:INTERNAL=1
//ADVANCED property for variable: CTEST_SUBMIT_RETRY_COUNT
CTEST_SUBMIT_RETRY_COUNT-ADVANCED:INTERNAL=1
//ADVANCED property for variable: CTEST_SUBMIT_RETRY_DELAY
CTEST_SUBMIT_RETRY_DELAY-ADVANCED:INTERNAL=1
//ADVANCED property for variable: CURL_DIR
CURL_DIR-ADVANCED:INTERNAL=1
//ADVANCED property for variable: CURL_INCLUDE_DIR
CURL_INCLUDE_DIR-ADVANCED:INTERNAL=1
//ADVANCED property for variable: CURL_LIBRARY_DEBUG
CURL_LIBRARY_DEBUG-ADVANCED:INTERNAL=1
//ADVANCED property for variable: CURL_LIBRARY_RELEASE
CURL_LIBRARY_RELEASE-ADVANCED:INTERNAL=1
//ADVANCED property for variable: DART_TESTING_TIMEOUT
DART_TESTING_TIMEOUT-ADVANCED:INTERNAL=1
//Details about finding CURL
FIND_PACKAGE_MESSAGE_DETAILS_CURL:INTERNAL=[/Library/Developer/CommandLineTools/SDKs/MacOSX14.0.sdk/usr/lib/libcurl.tbd][/Library/Developer/CommandLineTools/SDKs/MacOSX14.0.sdk/usr/include][c ][v8.1.2()]
//Details about finding Git
FIND_PACKAGE_MESSAGE_DETAILS_Git:INTERNAL=[/usr/bin/git][v2.39.3 (Apple Git-145)()]
//Details about finding Python3
FIND_PACKAGE_MESSAGE_DETAILS_Python3:INTERNAL=[/opt/homebrew/Frameworks/Python.framework/Versions/3.11/bin/python3.11][cfound components: Interpreter ][v3.11.5()]
//Details about finding Threads
FIND_PACKAGE_MESSAGE_DETAILS_Threads:INTERNAL=[TRUE][v()]
//Details about finding ZLIB
FIND_PACKAGE_MESSAGE_DETAILS_ZLIB:INTERNAL=[/Library/Developer/CommandLineTools/SDKs/MacOSX14.0.sdk/usr/lib/libz.tbd][/Library/Developer/CommandLineTools/SDKs/MacOSX14.0.sdk/usr/include][c ][v1.2.12()]
//ADVANCED property for variable: GIT_EXECUTABLE
GIT_EXECUTABLE-ADVANCED:INTERNAL=1
//ADVANCED property for variable: MAKECOMMAND
MAKECOMMAND-ADVANCED:INTERNAL=1
//ADVANCED property for variable: MEMORYCHECK_COMMAND
MEMORYCHECK_COMMAND-ADVANCED:INTERNAL=1
//ADVANCED property for variable: MEMORYCHECK_SUPPRESSIONS_FILE
MEMORYCHECK_SUPPRESSIONS_FILE-ADVANCED:INTERNAL=1
PC_CURL_CFLAGS:INTERNAL=
PC_CURL_CFLAGS_I:INTERNAL=
PC_CURL_CFLAGS_OTHER:INTERNAL=
PC_CURL_FOUND:INTERNAL=1
PC_CURL_INCLUDEDIR:INTERNAL=/Library/Developer/CommandLineTools/SDKs/MacOSX13.sdk/usr/include
PC_CURL_INCLUDE_DIRS:INTERNAL=
PC_CURL_LDFLAGS:INTERNAL=-L/usr/lib;-lcurl
PC_CURL_LDFLAGS_OTHER:INTERNAL=
PC_CURL_LIBDIR:INTERNAL=/usr/lib
PC_CURL_LIBRARIES:INTERNAL=curl
PC_CURL_LIBRARY_DIRS:INTERNAL=/usr/lib
PC_CURL_LIBS:INTERNAL=
PC_CURL_LIBS_L:INTERNAL=
PC_CURL_LIBS_OTHER:INTERNAL=
PC_CURL_LIBS_PATHS:INTERNAL=
PC_CURL_MODULE_NAME:INTERNAL=libcurl
PC_CURL_PREFIX:INTERNAL=/Library/Developer/CommandLineTools/SDKs/MacOSX13.sdk/usr
PC_CURL_STATIC_CFLAGS:INTERNAL=
PC_CURL_STATIC_CFLAGS_I:INTERNAL=
PC_CURL_STATIC_CFLAGS_OTHER:INTERNAL=
PC_CURL_STATIC_INCLUDE_DIRS:INTERNAL=
PC_CURL_STATIC_LDFLAGS:INTERNAL=-L/usr/lib;-lcurl;-lldap;-lz
PC_CURL_STATIC_LDFLAGS_OTHER:INTERNAL=
PC_CURL_STATIC_LIBDIR:INTERNAL=
PC_CURL_STATIC_LIBRARIES:INTERNAL=curl;ldap;z
PC_CURL_STATIC_LIBRARY_DIRS:INTERNAL=/usr/lib
PC_CURL_STATIC_LIBS:INTERNAL=
PC_CURL_STATIC_LIBS_L:INTERNAL=
PC_CURL_STATIC_LIBS_OTHER:INTERNAL=
PC_CURL_STATIC_LIBS_PATHS:INTERNAL=
PC_CURL_VERSION:INTERNAL=7.87.0
PC_CURL_libcurl_INCLUDEDIR:INTERNAL=
PC_CURL_libcurl_LIBDIR:INTERNAL=
PC_CURL_libcurl_PREFIX:INTERNAL=
PC_CURL_libcurl_VERSION:INTERNAL=
//ADVANCED property for variable: PKG_CONFIG_ARGN
PKG_CONFIG_ARGN-ADVANCED:INTERNAL=1
//ADVANCED property for variable: PKG_CONFIG_EXECUTABLE
PKG_CONFIG_EXECUTABLE-ADVANCED:INTERNAL=1
//ADVANCED property for variable: SITE
SITE-ADVANCED:INTERNAL=1
//ADVANCED property for variable: ZLIB_INCLUDE_DIR
ZLIB_INCLUDE_DIR-ADVANCED:INTERNAL=1
//ADVANCED property for variable: ZLIB_LIBRARY_DEBUG
ZLIB_LIBRARY_DEBUG-ADVANCED:INTERNAL=1
//ADVANCED property for variable: ZLIB_LIBRARY_RELEASE
ZLIB_LIBRARY_RELEASE-ADVANCED:INTERNAL=1
//CMAKE_INSTALL_PREFIX during last run
_GNUInstallDirs_LAST_CMAKE_INSTALL_PREFIX:INTERNAL=/usr/local
//Compiler reason failure
_Python3_Compiler_REASON_FAILURE:INTERNAL=
//Development reason failure
_Python3_Development_REASON_FAILURE:INTERNAL=
//Path to a program.
_Python3_EXECUTABLE:INTERNAL=/opt/homebrew/Frameworks/Python.framework/Versions/3.11/bin/python3.11
//Python3 Properties
_Python3_INTERPRETER_PROPERTIES:INTERNAL=Python;3;11;5;64;32;<none>;cpython-311-darwin;abi3;/opt/homebrew/opt/python@3.11/Frameworks/Python.framework/Versions/3.11/lib/python3.11;/opt/homebrew/opt/python@3.11/Frameworks/Python.framework/Versions/3.11/lib/python3.11;/opt/homebrew/lib/python3.11/site-packages;/opt/homebrew/lib/python3.11/site-packages
_Python3_INTERPRETER_SIGNATURE:INTERNAL=ced54e1deaa5003258fad7f903331192
//NumPy reason failure
_Python3_NumPy_REASON_FAILURE:INTERNAL=
__pkg_config_arguments_PC_CURL:INTERNAL=QUIET;libcurl
__pkg_config_checked_PC_CURL:INTERNAL=1
//ADVANCED property for variable: pkgcfg_lib_PC_CURL_curl
pkgcfg_lib_PC_CURL_curl-ADVANCED:INTERNAL=1
prefix_result:INTERNAL=alt-svc;AsynchDNS;GSS-API;HSTS;HTTP2;HTTPS-proxy;IPv6;Kerberos;Largefile;libz;MultiSSL;NTLM;NTLM_WB;SPNEGO;SSL;threadsafe;UnixSockets

